2024-08-29 18:41:00,959 - INFO - Environment is configured for ClientSecretCredential
2024-08-29 18:41:00,960 - INFO - ManagedIdentityCredential will use IMDS
2024-08-29 18:41:00,962 - INFO - Checking if resource group 'MyResourceGroup' exists...
2024-08-29 18:41:00,973 - INFO - Request URL: 'https://login.microsoftonline.com/8ab9f57e-87b6-449e-b3b2-508e9a426968/v2.0/.well-known/openid-configuration'
Request method: 'GET'
Request headers:
    'User-Agent': 'azsdk-python-identity/1.17.1 Python/3.10.12 (Linux-6.8.0-40-generic-x86_64-with-glibc2.35)'
No body was attached to the request
2024-08-29 18:41:02,177 - INFO - Response status: 200
Response headers:
    'Cache-Control': 'max-age=86400, private'
    'Content-Type': 'application/json; charset=utf-8'
    'Strict-Transport-Security': 'REDACTED'
    'X-Content-Type-Options': 'REDACTED'
    'Access-Control-Allow-Origin': 'REDACTED'
    'Access-Control-Allow-Methods': 'REDACTED'
    'P3P': 'REDACTED'
    'x-ms-request-id': '3351fc00-5647-4552-ac68-ffb23ff23f01'
    'x-ms-ests-server': 'REDACTED'
    'x-ms-srs': 'REDACTED'
    'X-XSS-Protection': 'REDACTED'
    'Set-Cookie': 'REDACTED'
    'Date': 'Thu, 29 Aug 2024 23:41:01 GMT'
    'Content-Length': '1753'
2024-08-29 18:41:02,178 - INFO - Request URL: 'https://login.microsoftonline.com/8ab9f57e-87b6-449e-b3b2-508e9a426968/oauth2/v2.0/token'
Request method: 'POST'
Request headers:
    'Accept': 'application/json'
    'x-client-sku': 'REDACTED'
    'x-client-ver': 'REDACTED'
    'x-client-os': 'REDACTED'
    'x-ms-lib-capability': 'REDACTED'
    'client-request-id': 'REDACTED'
    'x-client-current-telemetry': 'REDACTED'
    'x-client-last-telemetry': 'REDACTED'
    'User-Agent': 'azsdk-python-identity/1.17.1 Python/3.10.12 (Linux-6.8.0-40-generic-x86_64-with-glibc2.35)'
A body is sent with the request
2024-08-29 18:41:02,548 - INFO - Response status: 200
Response headers:
    'Cache-Control': 'no-store, no-cache'
    'Pragma': 'no-cache'
    'Content-Type': 'application/json; charset=utf-8'
    'Expires': '-1'
    'Strict-Transport-Security': 'REDACTED'
    'X-Content-Type-Options': 'REDACTED'
    'P3P': 'REDACTED'
    'client-request-id': 'REDACTED'
    'x-ms-request-id': '6bff03d6-3ca4-4a55-be5a-ae390b5d2600'
    'x-ms-ests-server': 'REDACTED'
    'x-ms-clitelem': 'REDACTED'
    'x-ms-srs': 'REDACTED'
    'X-XSS-Protection': 'REDACTED'
    'Set-Cookie': 'REDACTED'
    'Date': 'Thu, 29 Aug 2024 23:41:01 GMT'
    'Content-Length': '1393'
2024-08-29 18:41:02,549 - INFO - DefaultAzureCredential acquired a token from EnvironmentCredential
2024-08-29 18:41:02,550 - INFO - Request URL: 'https://management.azure.com/subscriptions/4be2ea64-b55c-47a9-b98b-46a7ace3b231/resourcegroups/MyResourceGroup?api-version=REDACTED'
Request method: 'HEAD'
Request headers:
    'Accept': 'application/json'
    'x-ms-client-request-id': '25da389c-6660-11ef-bc3c-c31f53b20954'
    'User-Agent': 'azsdk-python-azure-mgmt-resource/23.1.1 Python/3.10.12 (Linux-6.8.0-40-generic-x86_64-with-glibc2.35)'
    'Authorization': 'REDACTED'
No body was attached to the request
2024-08-29 18:41:03,859 - INFO - Response status: 404
Response headers:
    'Cache-Control': 'no-cache'
    'Pragma': 'no-cache'
    'Content-Length': '0'
    'Expires': '-1'
    'x-ms-failure-cause': 'REDACTED'
    'x-ms-ratelimit-remaining-subscription-reads': '499'
    'x-ms-ratelimit-remaining-subscription-global-reads': 'REDACTED'
    'x-ms-request-id': '1cdcbb7e-14ec-43a2-80be-d2fab2df88db'
    'x-ms-correlation-request-id': 'REDACTED'
    'x-ms-routing-request-id': 'REDACTED'
    'Strict-Transport-Security': 'REDACTED'
    'X-Content-Type-Options': 'REDACTED'
    'X-Cache': 'REDACTED'
    'X-MSEdge-Ref': 'REDACTED'
    'Date': 'Thu, 29 Aug 2024 23:41:03 GMT'
2024-08-29 18:41:03,860 - INFO - Creating new resource group...
2024-08-29 18:41:03,862 - INFO - Request URL: 'https://management.azure.com/subscriptions/4be2ea64-b55c-47a9-b98b-46a7ace3b231/resourcegroups/MyResourceGroup?api-version=REDACTED'
Request method: 'PUT'
Request headers:
    'Content-Type': 'application/json'
    'Content-Length': '25'
    'Accept': 'application/json'
    'x-ms-client-request-id': '2793149c-6660-11ef-bc3c-c31f53b20954'
    'User-Agent': 'azsdk-python-azure-mgmt-resource/23.1.1 Python/3.10.12 (Linux-6.8.0-40-generic-x86_64-with-glibc2.35)'
    'Authorization': 'REDACTED'
A body is sent with the request
2024-08-29 18:41:07,659 - INFO - Response status: 201
Response headers:
    'Cache-Control': 'no-cache'
    'Pragma': 'no-cache'
    'Content-Length': '230'
    'Content-Type': 'application/json; charset=utf-8'
    'Expires': '-1'
    'x-ms-ratelimit-remaining-subscription-writes': '399'
    'x-ms-ratelimit-remaining-subscription-global-writes': 'REDACTED'
    'x-ms-request-id': '1497aa97-9e21-467b-882c-6a979fdd7148'
    'x-ms-correlation-request-id': 'REDACTED'
    'x-ms-routing-request-id': 'REDACTED'
    'Strict-Transport-Security': 'REDACTED'
    'X-Content-Type-Options': 'REDACTED'
    'X-Cache': 'REDACTED'
    'X-MSEdge-Ref': 'REDACTED'
    'Date': 'Thu, 29 Aug 2024 23:41:06 GMT'
2024-08-29 18:41:07,660 - INFO - Resource group 'MyResourceGroup' created successfully.
2024-08-29 18:41:07,660 - INFO - Checking if resource group 'MyResourceGroup' exists...
2024-08-29 18:41:07,661 - INFO - Request URL: 'https://management.azure.com/subscriptions/4be2ea64-b55c-47a9-b98b-46a7ace3b231/resourcegroups/MyResourceGroup?api-version=REDACTED'
Request method: 'HEAD'
Request headers:
    'Accept': 'application/json'
    'x-ms-client-request-id': '29d6c384-6660-11ef-bc3c-c31f53b20954'
    'User-Agent': 'azsdk-python-azure-mgmt-resource/23.1.1 Python/3.10.12 (Linux-6.8.0-40-generic-x86_64-with-glibc2.35)'
    'Authorization': 'REDACTED'
No body was attached to the request
2024-08-29 18:41:08,556 - INFO - Response status: 204
Response headers:
    'Cache-Control': 'no-cache'
    'Pragma': 'no-cache'
    'Content-Length': '0'
    'Expires': '-1'
    'x-ms-ratelimit-remaining-subscription-reads': '499'
    'x-ms-ratelimit-remaining-subscription-global-reads': 'REDACTED'
    'x-ms-request-id': 'a409d230-d45f-4d9c-8833-9347e4ce45fa'
    'x-ms-correlation-request-id': 'REDACTED'
    'x-ms-routing-request-id': 'REDACTED'
    'Strict-Transport-Security': 'REDACTED'
    'X-Content-Type-Options': 'REDACTED'
    'X-Cache': 'REDACTED'
    'X-MSEdge-Ref': 'REDACTED'
    'Date': 'Thu, 29 Aug 2024 23:41:07 GMT'
2024-08-29 18:41:08,557 - INFO - Resource group 'MyResourceGroup' already exists. Using existing resource group.
2024-08-29 18:41:08,557 - INFO - Creating virtual network and subnet...
2024-08-29 18:41:08,560 - INFO - ClientSecretCredential.get_token succeeded
2024-08-29 18:41:08,560 - INFO - EnvironmentCredential.get_token succeeded
2024-08-29 18:41:08,560 - INFO - DefaultAzureCredential acquired a token from EnvironmentCredential
2024-08-29 18:41:08,560 - INFO - Request URL: 'https://management.azure.com/subscriptions/4be2ea64-b55c-47a9-b98b-46a7ace3b231/resourceGroups/MyResourceGroup/providers/Microsoft.Network/virtualNetworks/MyVNet?api-version=REDACTED'
Request method: 'PUT'
Request headers:
    'Content-Type': 'application/json'
    'Content-Length': '155'
    'Accept': 'application/json'
    'x-ms-client-request-id': '29d6c385-6660-11ef-bc3c-c31f53b20954'
    'User-Agent': 'azsdk-python-mgmt-network/26.0.0 Python/3.10.12 (Linux-6.8.0-40-generic-x86_64-with-glibc2.35)'
    'Authorization': 'REDACTED'
A body is sent with the request
2024-08-29 18:41:11,500 - INFO - Response status: 201
Response headers:
    'Cache-Control': 'no-cache'
    'Pragma': 'no-cache'
    'Content-Length': '648'
    'Content-Type': 'application/json; charset=utf-8'
    'Expires': '-1'
    'Retry-After': '3'
    'x-ms-request-id': '401e43ae-c433-49e4-8120-dc6c16ba287d'
    'Azure-AsyncOperation': 'REDACTED'
    'x-ms-correlation-request-id': 'REDACTED'
    'Azure-AsyncNotification': 'REDACTED'
    'x-ms-arm-service-request-id': 'REDACTED'
    'Strict-Transport-Security': 'REDACTED'
    'x-ms-ratelimit-remaining-subscription-writes': '399'
    'x-ms-ratelimit-remaining-subscription-global-writes': 'REDACTED'
    'x-ms-routing-request-id': 'REDACTED'
    'X-Content-Type-Options': 'REDACTED'
    'X-Cache': 'REDACTED'
    'X-MSEdge-Ref': 'REDACTED'
    'Date': 'Thu, 29 Aug 2024 23:41:10 GMT'
2024-08-29 18:41:11,501 - INFO - Request URL: 'https://management.azure.com/subscriptions/4be2ea64-b55c-47a9-b98b-46a7ace3b231/providers/Microsoft.Network/locations/centralus/operations/401e43ae-c433-49e4-8120-dc6c16ba287d?api-version=REDACTED&t=REDACTED&c=REDACTED&s=REDACTED&h=REDACTED'
Request method: 'GET'
Request headers:
    'x-ms-client-request-id': '29d6c385-6660-11ef-bc3c-c31f53b20954'
    'User-Agent': 'azsdk-python-mgmt-network/26.0.0 Python/3.10.12 (Linux-6.8.0-40-generic-x86_64-with-glibc2.35)'
    'Authorization': 'REDACTED'
No body was attached to the request
2024-08-29 18:41:12,059 - INFO - Response status: 200
Response headers:
    'Cache-Control': 'no-cache'
    'Pragma': 'no-cache'
    'Content-Length': '30'
    'Content-Type': 'application/json; charset=utf-8'
    'Expires': '-1'
    'Retry-After': '10'
    'x-ms-request-id': '9b6b1d49-6ffc-426e-8d80-1e02f2365d23'
    'x-ms-correlation-request-id': 'REDACTED'
    'x-ms-arm-service-request-id': 'REDACTED'
    'Strict-Transport-Security': 'REDACTED'
    'x-ms-ratelimit-remaining-subscription-reads': '499'
    'x-ms-ratelimit-remaining-subscription-global-reads': 'REDACTED'
    'x-ms-routing-request-id': 'REDACTED'
    'X-Content-Type-Options': 'REDACTED'
    'X-Cache': 'REDACTED'
    'X-MSEdge-Ref': 'REDACTED'
    'Date': 'Thu, 29 Aug 2024 23:41:11 GMT'
2024-08-29 18:41:22,071 - INFO - Request URL: 'https://management.azure.com/subscriptions/4be2ea64-b55c-47a9-b98b-46a7ace3b231/providers/Microsoft.Network/locations/centralus/operations/401e43ae-c433-49e4-8120-dc6c16ba287d?api-version=REDACTED&t=REDACTED&c=REDACTED&s=REDACTED&h=REDACTED'
Request method: 'GET'
Request headers:
    'x-ms-client-request-id': '29d6c385-6660-11ef-bc3c-c31f53b20954'
    'User-Agent': 'azsdk-python-mgmt-network/26.0.0 Python/3.10.12 (Linux-6.8.0-40-generic-x86_64-with-glibc2.35)'
    'Authorization': 'REDACTED'
No body was attached to the request
2024-08-29 18:41:22,624 - INFO - Response status: 200
Response headers:
    'Cache-Control': 'no-cache'
    'Pragma': 'no-cache'
    'Content-Length': '29'
    'Content-Type': 'application/json; charset=utf-8'
    'Expires': '-1'
    'x-ms-request-id': '80356c17-f31f-4b0e-9149-0d48864b8586'
    'x-ms-correlation-request-id': 'REDACTED'
    'x-ms-arm-service-request-id': 'REDACTED'
    'Strict-Transport-Security': 'REDACTED'
    'x-ms-ratelimit-remaining-subscription-reads': '499'
    'x-ms-ratelimit-remaining-subscription-global-reads': 'REDACTED'
    'x-ms-routing-request-id': 'REDACTED'
    'X-Content-Type-Options': 'REDACTED'
    'X-Cache': 'REDACTED'
    'X-MSEdge-Ref': 'REDACTED'
    'Date': 'Thu, 29 Aug 2024 23:41:22 GMT'
2024-08-29 18:41:22,624 - INFO - Request URL: 'https://management.azure.com/subscriptions/4be2ea64-b55c-47a9-b98b-46a7ace3b231/resourceGroups/MyResourceGroup/providers/Microsoft.Network/virtualNetworks/MyVNet?api-version=REDACTED'
Request method: 'GET'
Request headers:
    'x-ms-client-request-id': '29d6c385-6660-11ef-bc3c-c31f53b20954'
    'User-Agent': 'azsdk-python-mgmt-network/26.0.0 Python/3.10.12 (Linux-6.8.0-40-generic-x86_64-with-glibc2.35)'
    'Authorization': 'REDACTED'
No body was attached to the request
2024-08-29 18:41:23,483 - INFO - Response status: 200
Response headers:
    'Cache-Control': 'no-cache'
    'Pragma': 'no-cache'
    'Content-Length': '649'
    'Content-Type': 'application/json; charset=utf-8'
    'Expires': '-1'
    'ETag': 'W/"903727b6-e9d5-4f62-93eb-f8f52daec549"'
    'x-ms-request-id': '8e787f11-6732-488e-acf2-a6371f90062a'
    'x-ms-correlation-request-id': 'REDACTED'
    'x-ms-arm-service-request-id': 'REDACTED'
    'Strict-Transport-Security': 'REDACTED'
    'x-ms-ratelimit-remaining-subscription-reads': '499'
    'x-ms-ratelimit-remaining-subscription-global-reads': 'REDACTED'
    'x-ms-routing-request-id': 'REDACTED'
    'X-Content-Type-Options': 'REDACTED'
    'X-Cache': 'REDACTED'
    'X-MSEdge-Ref': 'REDACTED'
    'Date': 'Thu, 29 Aug 2024 23:41:22 GMT'
2024-08-29 18:41:23,489 - INFO - Request URL: 'https://management.azure.com/subscriptions/4be2ea64-b55c-47a9-b98b-46a7ace3b231/resourceGroups/MyResourceGroup/providers/Microsoft.Network/virtualNetworks/MyVNet/subnets/MySubnet?api-version=REDACTED'
Request method: 'PUT'
Request headers:
    'Content-Type': 'application/json'
    'Content-Length': '142'
    'Accept': 'application/json'
    'x-ms-client-request-id': '3345f782-6660-11ef-bc3c-c31f53b20954'
    'User-Agent': 'azsdk-python-mgmt-network/26.0.0 Python/3.10.12 (Linux-6.8.0-40-generic-x86_64-with-glibc2.35)'
    'Authorization': 'REDACTED'
A body is sent with the request
2024-08-29 18:41:24,259 - INFO - Response status: 201
Response headers:
    'Cache-Control': 'no-cache'
    'Pragma': 'no-cache'
    'Content-Length': '567'
    'Content-Type': 'application/json; charset=utf-8'
    'Expires': '-1'
    'Retry-After': '3'
    'x-ms-request-id': 'cbb37be5-c213-4c34-9a95-5b4c708170a4'
    'Azure-AsyncOperation': 'REDACTED'
    'x-ms-correlation-request-id': 'REDACTED'
    'Azure-AsyncNotification': 'REDACTED'
    'x-ms-arm-service-request-id': 'REDACTED'
    'Strict-Transport-Security': 'REDACTED'
    'x-ms-ratelimit-remaining-subscription-writes': '399'
    'x-ms-ratelimit-remaining-subscription-global-writes': 'REDACTED'
    'x-ms-routing-request-id': 'REDACTED'
    'X-Content-Type-Options': 'REDACTED'
    'X-Cache': 'REDACTED'
    'X-MSEdge-Ref': 'REDACTED'
    'Date': 'Thu, 29 Aug 2024 23:41:23 GMT'
2024-08-29 18:41:24,261 - INFO - Request URL: 'https://management.azure.com/subscriptions/4be2ea64-b55c-47a9-b98b-46a7ace3b231/providers/Microsoft.Network/locations/centralus/operations/cbb37be5-c213-4c34-9a95-5b4c708170a4?api-version=REDACTED&t=REDACTED&c=REDACTED&s=REDACTED&h=REDACTED'
Request method: 'GET'
Request headers:
    'x-ms-client-request-id': '3345f782-6660-11ef-bc3c-c31f53b20954'
    'User-Agent': 'azsdk-python-mgmt-network/26.0.0 Python/3.10.12 (Linux-6.8.0-40-generic-x86_64-with-glibc2.35)'
    'Authorization': 'REDACTED'
No body was attached to the request
2024-08-29 18:41:24,647 - INFO - Response status: 200
Response headers:
    'Cache-Control': 'no-cache'
    'Pragma': 'no-cache'
    'Content-Length': '29'
    'Content-Type': 'application/json; charset=utf-8'
    'Expires': '-1'
    'x-ms-request-id': '32554207-300f-4ab5-819c-9d96de56cf35'
    'x-ms-correlation-request-id': 'REDACTED'
    'x-ms-arm-service-request-id': 'REDACTED'
    'Strict-Transport-Security': 'REDACTED'
    'x-ms-ratelimit-remaining-subscription-reads': '498'
    'x-ms-ratelimit-remaining-subscription-global-reads': 'REDACTED'
    'x-ms-routing-request-id': 'REDACTED'
    'X-Content-Type-Options': 'REDACTED'
    'X-Cache': 'REDACTED'
    'X-MSEdge-Ref': 'REDACTED'
    'Date': 'Thu, 29 Aug 2024 23:41:24 GMT'
2024-08-29 18:41:24,647 - INFO - Request URL: 'https://management.azure.com/subscriptions/4be2ea64-b55c-47a9-b98b-46a7ace3b231/resourceGroups/MyResourceGroup/providers/Microsoft.Network/virtualNetworks/MyVNet/subnets/MySubnet?api-version=REDACTED'
Request method: 'GET'
Request headers:
    'x-ms-client-request-id': '3345f782-6660-11ef-bc3c-c31f53b20954'
    'User-Agent': 'azsdk-python-mgmt-network/26.0.0 Python/3.10.12 (Linux-6.8.0-40-generic-x86_64-with-glibc2.35)'
    'Authorization': 'REDACTED'
No body was attached to the request
2024-08-29 18:41:25,180 - INFO - Response status: 200
Response headers:
    'Cache-Control': 'no-cache'
    'Pragma': 'no-cache'
    'Content-Length': '568'
    'Content-Type': 'application/json; charset=utf-8'
    'Expires': '-1'
    'ETag': 'W/"d969be0e-b7da-4092-9bb7-28f6d0235f5a"'
    'x-ms-request-id': 'e3833d44-aaba-463c-9148-aeb3fc8171b0'
    'x-ms-correlation-request-id': 'REDACTED'
    'x-ms-arm-service-request-id': 'REDACTED'
    'Strict-Transport-Security': 'REDACTED'
    'x-ms-ratelimit-remaining-subscription-reads': '498'
    'x-ms-ratelimit-remaining-subscription-global-reads': 'REDACTED'
    'x-ms-routing-request-id': 'REDACTED'
    'X-Content-Type-Options': 'REDACTED'
    'X-Cache': 'REDACTED'
    'X-MSEdge-Ref': 'REDACTED'
    'Date': 'Thu, 29 Aug 2024 23:41:24 GMT'
2024-08-29 18:41:25,181 - INFO - Virtual network 'MyVNet' and subnet 'MySubnet' created successfully.
2024-08-29 18:41:25,181 - INFO - Creating public IP address...
2024-08-29 18:41:25,182 - INFO - Request URL: 'https://management.azure.com/subscriptions/4be2ea64-b55c-47a9-b98b-46a7ace3b231/resourceGroups/MyResourceGroup/providers/Microsoft.Network/publicIPAddresses/MyPublicIP?api-version=REDACTED'
Request method: 'PUT'
Request headers:
    'Content-Type': 'application/json'
    'Content-Length': '80'
    'Accept': 'application/json'
    'x-ms-client-request-id': '3448459a-6660-11ef-bc3c-c31f53b20954'
    'User-Agent': 'azsdk-python-mgmt-network/26.0.0 Python/3.10.12 (Linux-6.8.0-40-generic-x86_64-with-glibc2.35)'
    'Authorization': 'REDACTED'
A body is sent with the request
2024-08-29 18:41:27,951 - INFO - Response status: 201
Response headers:
    'Cache-Control': 'no-cache'
    'Pragma': 'no-cache'
    'Content-Length': '636'
    'Content-Type': 'application/json; charset=utf-8'
    'Expires': '-1'
    'Retry-After': '1'
    'x-ms-request-id': 'f10eb209-20e1-4179-a8ec-664b48bbfa79'
    'Azure-AsyncOperation': 'REDACTED'
    'x-ms-correlation-request-id': 'REDACTED'
    'Azure-AsyncNotification': 'REDACTED'
    'x-ms-arm-service-request-id': 'REDACTED'
    'Strict-Transport-Security': 'REDACTED'
    'x-ms-ratelimit-remaining-subscription-writes': '399'
    'x-ms-ratelimit-remaining-subscription-global-writes': 'REDACTED'
    'x-ms-routing-request-id': 'REDACTED'
    'X-Content-Type-Options': 'REDACTED'
    'X-Cache': 'REDACTED'
    'X-MSEdge-Ref': 'REDACTED'
    'Date': 'Thu, 29 Aug 2024 23:41:27 GMT'
2024-08-29 18:41:27,954 - INFO - Request URL: 'https://management.azure.com/subscriptions/4be2ea64-b55c-47a9-b98b-46a7ace3b231/providers/Microsoft.Network/locations/centralus/operations/f10eb209-20e1-4179-a8ec-664b48bbfa79?api-version=REDACTED&t=REDACTED&c=REDACTED&s=REDACTED&h=REDACTED'
Request method: 'GET'
Request headers:
    'x-ms-client-request-id': '3448459a-6660-11ef-bc3c-c31f53b20954'
    'User-Agent': 'azsdk-python-mgmt-network/26.0.0 Python/3.10.12 (Linux-6.8.0-40-generic-x86_64-with-glibc2.35)'
    'Authorization': 'REDACTED'
No body was attached to the request
2024-08-29 18:41:28,498 - INFO - Response status: 200
Response headers:
    'Cache-Control': 'no-cache'
    'Pragma': 'no-cache'
    'Content-Length': '29'
    'Content-Type': 'application/json; charset=utf-8'
    'Expires': '-1'
    'x-ms-request-id': '6bd457fd-35c6-48de-b1c8-8e2119e33ece'
    'x-ms-correlation-request-id': 'REDACTED'
    'x-ms-arm-service-request-id': 'REDACTED'
    'Strict-Transport-Security': 'REDACTED'
    'x-ms-ratelimit-remaining-subscription-reads': '499'
    'x-ms-ratelimit-remaining-subscription-global-reads': 'REDACTED'
    'x-ms-routing-request-id': 'REDACTED'
    'X-Content-Type-Options': 'REDACTED'
    'X-Cache': 'REDACTED'
    'X-MSEdge-Ref': 'REDACTED'
    'Date': 'Thu, 29 Aug 2024 23:41:27 GMT'
2024-08-29 18:41:28,499 - INFO - Request URL: 'https://management.azure.com/subscriptions/4be2ea64-b55c-47a9-b98b-46a7ace3b231/resourceGroups/MyResourceGroup/providers/Microsoft.Network/publicIPAddresses/MyPublicIP?api-version=REDACTED'
Request method: 'GET'
Request headers:
    'x-ms-client-request-id': '3448459a-6660-11ef-bc3c-c31f53b20954'
    'User-Agent': 'azsdk-python-mgmt-network/26.0.0 Python/3.10.12 (Linux-6.8.0-40-generic-x86_64-with-glibc2.35)'
    'Authorization': 'REDACTED'
No body was attached to the request
2024-08-29 18:41:29,529 - INFO - Response status: 200
Response headers:
    'Cache-Control': 'no-cache'
    'Pragma': 'no-cache'
    'Content-Length': '637'
    'Content-Type': 'application/json; charset=utf-8'
    'Expires': '-1'
    'ETag': 'W/"40e9f2d8-1fda-4c89-af3d-26cd4386e7fc"'
    'x-ms-request-id': '9f778e82-d1b9-4e78-9594-951984325747'
    'x-ms-correlation-request-id': 'REDACTED'
    'x-ms-arm-service-request-id': 'REDACTED'
    'Strict-Transport-Security': 'REDACTED'
    'x-ms-ratelimit-remaining-subscription-reads': '499'
    'x-ms-ratelimit-remaining-subscription-global-reads': 'REDACTED'
    'x-ms-routing-request-id': 'REDACTED'
    'X-Content-Type-Options': 'REDACTED'
    'X-Cache': 'REDACTED'
    'X-MSEdge-Ref': 'REDACTED'
    'Date': 'Thu, 29 Aug 2024 23:41:28 GMT'
2024-08-29 18:41:29,530 - INFO - Public IP address 'MyPublicIP' creation initiated.
2024-08-29 18:41:29,532 - INFO - Request URL: 'https://management.azure.com/subscriptions/4be2ea64-b55c-47a9-b98b-46a7ace3b231/resourceGroups/MyResourceGroup/providers/Microsoft.Network/publicIPAddresses/MyPublicIP?api-version=REDACTED'
Request method: 'GET'
Request headers:
    'Accept': 'application/json'
    'x-ms-client-request-id': '36e019e0-6660-11ef-bc3c-c31f53b20954'
    'User-Agent': 'azsdk-python-mgmt-network/26.0.0 Python/3.10.12 (Linux-6.8.0-40-generic-x86_64-with-glibc2.35)'
    'Authorization': 'REDACTED'
No body was attached to the request
2024-08-29 18:41:30,205 - INFO - Response status: 200
Response headers:
    'Cache-Control': 'no-cache'
    'Pragma': 'no-cache'
    'Content-Length': '637'
    'Content-Type': 'application/json; charset=utf-8'
    'Expires': '-1'
    'ETag': 'W/"40e9f2d8-1fda-4c89-af3d-26cd4386e7fc"'
    'x-ms-request-id': 'eca38897-a248-418a-acf6-0daa6be22169'
    'x-ms-correlation-request-id': 'REDACTED'
    'x-ms-arm-service-request-id': 'REDACTED'
    'Strict-Transport-Security': 'REDACTED'
    'x-ms-ratelimit-remaining-subscription-reads': '499'
    'x-ms-ratelimit-remaining-subscription-global-reads': 'REDACTED'
    'x-ms-routing-request-id': 'REDACTED'
    'X-Content-Type-Options': 'REDACTED'
    'X-Cache': 'REDACTED'
    'X-MSEdge-Ref': 'REDACTED'
    'Date': 'Thu, 29 Aug 2024 23:41:29 GMT'
2024-08-29 18:41:30,207 - INFO - Public IP address 'MyPublicIP' has been created successfully.
2024-08-29 18:41:30,208 - INFO - Creating network interface...
2024-08-29 18:41:30,211 - INFO - Request URL: 'https://management.azure.com/subscriptions/4be2ea64-b55c-47a9-b98b-46a7ace3b231/resourceGroups/MyResourceGroup/providers/Microsoft.Network/virtualNetworks/MyVNet/subnets/MySubnet?api-version=REDACTED'
Request method: 'GET'
Request headers:
    'Accept': 'application/json'
    'x-ms-client-request-id': '36e019e1-6660-11ef-bc3c-c31f53b20954'
    'User-Agent': 'azsdk-python-mgmt-network/26.0.0 Python/3.10.12 (Linux-6.8.0-40-generic-x86_64-with-glibc2.35)'
    'Authorization': 'REDACTED'
No body was attached to the request
2024-08-29 18:41:30,748 - INFO - Response status: 200
Response headers:
    'Cache-Control': 'no-cache'
    'Pragma': 'no-cache'
    'Content-Length': '568'
    'Content-Type': 'application/json; charset=utf-8'
    'Expires': '-1'
    'ETag': 'W/"d969be0e-b7da-4092-9bb7-28f6d0235f5a"'
    'x-ms-request-id': '856a84a5-1298-468e-a687-d91d69a3a99e'
    'x-ms-correlation-request-id': 'REDACTED'
    'x-ms-arm-service-request-id': 'REDACTED'
    'Strict-Transport-Security': 'REDACTED'
    'x-ms-ratelimit-remaining-subscription-reads': '497'
    'x-ms-ratelimit-remaining-subscription-global-reads': 'REDACTED'
    'x-ms-routing-request-id': 'REDACTED'
    'X-Content-Type-Options': 'REDACTED'
    'X-Cache': 'REDACTED'
    'X-MSEdge-Ref': 'REDACTED'
    'Date': 'Thu, 29 Aug 2024 23:41:30 GMT'
2024-08-29 18:41:30,752 - INFO - Request URL: 'https://management.azure.com/subscriptions/4be2ea64-b55c-47a9-b98b-46a7ace3b231/resourceGroups/MyResourceGroup/providers/Microsoft.Network/publicIPAddresses/MyPublicIP?api-version=REDACTED'
Request method: 'GET'
Request headers:
    'Accept': 'application/json'
    'x-ms-client-request-id': '36e019e2-6660-11ef-bc3c-c31f53b20954'
    'User-Agent': 'azsdk-python-mgmt-network/26.0.0 Python/3.10.12 (Linux-6.8.0-40-generic-x86_64-with-glibc2.35)'
    'Authorization': 'REDACTED'
No body was attached to the request
2024-08-29 18:41:31,284 - INFO - Response status: 200
Response headers:
    'Cache-Control': 'no-cache'
    'Pragma': 'no-cache'
    'Content-Length': '637'
    'Content-Type': 'application/json; charset=utf-8'
    'Expires': '-1'
    'ETag': 'W/"40e9f2d8-1fda-4c89-af3d-26cd4386e7fc"'
    'x-ms-request-id': 'cc050f93-38a9-4332-882b-44a3f456113a'
    'x-ms-correlation-request-id': 'REDACTED'
    'x-ms-arm-service-request-id': 'REDACTED'
    'Strict-Transport-Security': 'REDACTED'
    'x-ms-ratelimit-remaining-subscription-reads': '498'
    'x-ms-ratelimit-remaining-subscription-global-reads': 'REDACTED'
    'x-ms-routing-request-id': 'REDACTED'
    'X-Content-Type-Options': 'REDACTED'
    'X-Cache': 'REDACTED'
    'X-MSEdge-Ref': 'REDACTED'
    'Date': 'Thu, 29 Aug 2024 23:41:30 GMT'
2024-08-29 18:41:31,286 - INFO - Request URL: 'https://management.azure.com/subscriptions/4be2ea64-b55c-47a9-b98b-46a7ace3b231/resourceGroups/MyResourceGroup/providers/Microsoft.Network/networkInterfaces/MyVMNIC?api-version=REDACTED'
Request method: 'PUT'
Request headers:
    'Content-Type': 'application/json'
    'Content-Length': '894'
    'Accept': 'application/json'
    'x-ms-client-request-id': '37eba3fe-6660-11ef-bc3c-c31f53b20954'
    'User-Agent': 'azsdk-python-mgmt-network/26.0.0 Python/3.10.12 (Linux-6.8.0-40-generic-x86_64-with-glibc2.35)'
    'Authorization': 'REDACTED'
A body is sent with the request
2024-08-29 18:41:33,665 - INFO - Response status: 201
Response headers:
    'Cache-Control': 'no-cache'
    'Pragma': 'no-cache'
    'Content-Length': '2022'
    'Content-Type': 'application/json; charset=utf-8'
    'Expires': '-1'
    'x-ms-request-id': '65ec6972-6e07-4003-85a7-d1ece0338580'
    'x-ms-correlation-request-id': 'REDACTED'
    'x-ms-arm-service-request-id': 'REDACTED'
    'Strict-Transport-Security': 'REDACTED'
    'x-ms-ratelimit-remaining-subscription-writes': '399'
    'x-ms-ratelimit-remaining-subscription-global-writes': 'REDACTED'
    'x-ms-routing-request-id': 'REDACTED'
    'X-Content-Type-Options': 'REDACTED'
    'X-Cache': 'REDACTED'
    'X-MSEdge-Ref': 'REDACTED'
    'Date': 'Thu, 29 Aug 2024 23:41:33 GMT'
2024-08-29 18:41:33,669 - INFO - Network interface 'MyVMNIC' created successfully.
2024-08-29 18:41:33,669 - INFO - Deploying virtual machine...
2024-08-29 18:41:33,669 - INFO - Checking availability of VM size 'Standard_B1s' in location 'centralus'...
2024-08-29 18:41:33,671 - INFO - ClientSecretCredential.get_token succeeded
2024-08-29 18:41:33,671 - INFO - EnvironmentCredential.get_token succeeded
2024-08-29 18:41:33,671 - INFO - DefaultAzureCredential acquired a token from EnvironmentCredential
2024-08-29 18:41:33,671 - INFO - Request URL: 'https://management.azure.com/subscriptions/4be2ea64-b55c-47a9-b98b-46a7ace3b231/providers/Microsoft.Compute/locations/centralus/vmSizes?api-version=REDACTED'
Request method: 'GET'
Request headers:
    'Accept': 'application/json'
    'x-ms-client-request-id': '39578ba4-6660-11ef-bc3c-c31f53b20954'
    'User-Agent': 'azsdk-python-azure-mgmt-compute/33.0.0 Python/3.10.12 (Linux-6.8.0-40-generic-x86_64-with-glibc2.35)'
    'Authorization': 'REDACTED'
No body was attached to the request
2024-08-29 18:41:35,442 - INFO - Response status: 200
Response headers:
    'Cache-Control': 'no-cache'
    'Pragma': 'no-cache'
    'Content-Length': '139067'
    'Content-Type': 'application/json; charset=utf-8'
    'Expires': '-1'
    'x-ms-ratelimit-remaining-resource': 'Microsoft.Compute/GetSubscriptionInfoSubscriptionMaximum;359'
    'Strict-Transport-Security': 'REDACTED'
    'x-ms-request-id': 'f1768a60-1598-4038-8bac-e0e305dec6ed'
    'x-ms-ratelimit-remaining-subscription-reads': '499'
    'x-ms-ratelimit-remaining-subscription-global-reads': 'REDACTED'
    'x-ms-correlation-request-id': 'REDACTED'
    'x-ms-routing-request-id': 'REDACTED'
    'X-Content-Type-Options': 'REDACTED'
    'X-Cache': 'REDACTED'
    'X-MSEdge-Ref': 'REDACTED'
    'Date': 'Thu, 29 Aug 2024 23:41:34 GMT'
2024-08-29 18:41:35,499 - INFO - Preferred VM size 'Standard_B1s' is available.
2024-08-29 18:41:35,501 - INFO - Request URL: 'https://management.azure.com/subscriptions/4be2ea64-b55c-47a9-b98b-46a7ace3b231/resourceGroups/MyResourceGroup/providers/Microsoft.Compute/virtualMachines/MyVM?api-version=REDACTED'
Request method: 'PUT'
Request headers:
    'Content-Type': 'application/json'
    'Content-Length': '610'
    'Accept': 'application/json'
    'x-ms-client-request-id': '3a6ecd36-6660-11ef-bc3c-c31f53b20954'
    'User-Agent': 'azsdk-python-azure-mgmt-compute/33.0.0 Python/3.10.12 (Linux-6.8.0-40-generic-x86_64-with-glibc2.35)'
    'Authorization': 'REDACTED'
A body is sent with the request
2024-08-29 18:41:43,073 - INFO - Response status: 201
Response headers:
    'Cache-Control': 'no-cache'
    'Pragma': 'no-cache'
    'Content-Length': '1744'
    'Content-Type': 'application/json; charset=utf-8'
    'Expires': '-1'
    'ETag': '"1"'
    'Retry-After': '10'
    'Azure-AsyncOperation': 'REDACTED'
    'azure-asyncnotification': 'REDACTED'
    'x-ms-ratelimit-remaining-resource': 'Microsoft.Compute/PutVMSubscriptionMaximum;1499,Microsoft.Compute/PutVMResource;11'
    'Strict-Transport-Security': 'REDACTED'
    'x-ms-request-id': '51697e69-420d-4310-b07c-2f5710ecbdf8'
    'x-ms-ratelimit-remaining-subscription-writes': '399'
    'x-ms-ratelimit-remaining-subscription-global-writes': 'REDACTED'
    'x-ms-correlation-request-id': 'REDACTED'
    'x-ms-routing-request-id': 'REDACTED'
    'X-Content-Type-Options': 'REDACTED'
    'X-Cache': 'REDACTED'
    'X-MSEdge-Ref': 'REDACTED'
    'Date': 'Thu, 29 Aug 2024 23:41:42 GMT'
2024-08-29 18:41:43,075 - INFO - Request URL: 'https://management.azure.com/subscriptions/4be2ea64-b55c-47a9-b98b-46a7ace3b231/providers/Microsoft.Compute/locations/centralus/operations/51697e69-420d-4310-b07c-2f5710ecbdf8?p=REDACTED&api-version=REDACTED&t=REDACTED&c=REDACTED&s=REDACTED&h=REDACTED'
Request method: 'GET'
Request headers:
    'x-ms-client-request-id': '3a6ecd36-6660-11ef-bc3c-c31f53b20954'
    'User-Agent': 'azsdk-python-azure-mgmt-compute/33.0.0 Python/3.10.12 (Linux-6.8.0-40-generic-x86_64-with-glibc2.35)'
    'Authorization': 'REDACTED'
No body was attached to the request
2024-08-29 18:41:44,063 - INFO - Response status: 200
Response headers:
    'Cache-Control': 'no-cache'
    'Pragma': 'no-cache'
    'Content-Length': '134'
    'Content-Type': 'application/json; charset=utf-8'
    'Expires': '-1'
    'Retry-After': '35'
    'x-ms-ratelimit-remaining-resource': 'Microsoft.Compute/GetOperationResource;44,Microsoft.Compute/GetOperationSubscriptionMaximum;14999'
    'Strict-Transport-Security': 'REDACTED'
    'x-ms-request-id': '49835553-2d8b-48aa-9f7d-7d40928c7232'
    'x-ms-ratelimit-remaining-subscription-reads': '499'
    'x-ms-ratelimit-remaining-subscription-global-reads': 'REDACTED'
    'x-ms-correlation-request-id': 'REDACTED'
    'x-ms-routing-request-id': 'REDACTED'
    'X-Content-Type-Options': 'REDACTED'
    'X-Cache': 'REDACTED'
    'X-MSEdge-Ref': 'REDACTED'
    'Date': 'Thu, 29 Aug 2024 23:41:43 GMT'
2024-08-29 18:42:19,097 - INFO - Request URL: 'https://management.azure.com/subscriptions/4be2ea64-b55c-47a9-b98b-46a7ace3b231/providers/Microsoft.Compute/locations/centralus/operations/51697e69-420d-4310-b07c-2f5710ecbdf8?p=REDACTED&api-version=REDACTED&t=REDACTED&c=REDACTED&s=REDACTED&h=REDACTED'
Request method: 'GET'
Request headers:
    'x-ms-client-request-id': '3a6ecd36-6660-11ef-bc3c-c31f53b20954'
    'User-Agent': 'azsdk-python-azure-mgmt-compute/33.0.0 Python/3.10.12 (Linux-6.8.0-40-generic-x86_64-with-glibc2.35)'
    'Authorization': 'REDACTED'
No body was attached to the request
2024-08-29 18:42:19,464 - INFO - Response status: 200
Response headers:
    'Cache-Control': 'no-cache'
    'Pragma': 'no-cache'
    'Content-Length': '134'
    'Content-Type': 'application/json; charset=utf-8'
    'Expires': '-1'
    'Retry-After': '30'
    'x-ms-ratelimit-remaining-resource': 'Microsoft.Compute/GetOperationResource;43,Microsoft.Compute/GetOperationSubscriptionMaximum;14998'
    'Strict-Transport-Security': 'REDACTED'
    'x-ms-request-id': '772dd48a-85db-4b0d-963d-ca25cf742e7a'
    'x-ms-ratelimit-remaining-subscription-reads': '499'
    'x-ms-ratelimit-remaining-subscription-global-reads': 'REDACTED'
    'x-ms-correlation-request-id': 'REDACTED'
    'x-ms-routing-request-id': 'REDACTED'
    'X-Content-Type-Options': 'REDACTED'
    'X-Cache': 'REDACTED'
    'X-MSEdge-Ref': 'REDACTED'
    'Date': 'Thu, 29 Aug 2024 23:42:19 GMT'
2024-08-29 18:42:49,494 - INFO - Request URL: 'https://management.azure.com/subscriptions/4be2ea64-b55c-47a9-b98b-46a7ace3b231/providers/Microsoft.Compute/locations/centralus/operations/51697e69-420d-4310-b07c-2f5710ecbdf8?p=REDACTED&api-version=REDACTED&t=REDACTED&c=REDACTED&s=REDACTED&h=REDACTED'
Request method: 'GET'
Request headers:
    'x-ms-client-request-id': '3a6ecd36-6660-11ef-bc3c-c31f53b20954'
    'User-Agent': 'azsdk-python-azure-mgmt-compute/33.0.0 Python/3.10.12 (Linux-6.8.0-40-generic-x86_64-with-glibc2.35)'
    'Authorization': 'REDACTED'
No body was attached to the request
2024-08-29 18:42:49,995 - INFO - Response status: 200
Response headers:
    'Cache-Control': 'no-cache'
    'Pragma': 'no-cache'
    'Content-Length': '184'
    'Content-Type': 'application/json; charset=utf-8'
    'Expires': '-1'
    'x-ms-ratelimit-remaining-resource': 'Microsoft.Compute/GetOperationResource;44,Microsoft.Compute/GetOperationSubscriptionMaximum;14999'
    'Strict-Transport-Security': 'REDACTED'
    'x-ms-request-id': '82fbd482-fb82-4bac-beb6-701e84ef96df'
    'x-ms-ratelimit-remaining-subscription-reads': '499'
    'x-ms-ratelimit-remaining-subscription-global-reads': 'REDACTED'
    'x-ms-correlation-request-id': 'REDACTED'
    'x-ms-routing-request-id': 'REDACTED'
    'X-Content-Type-Options': 'REDACTED'
    'X-Cache': 'REDACTED'
    'X-MSEdge-Ref': 'REDACTED'
    'Date': 'Thu, 29 Aug 2024 23:42:49 GMT'
2024-08-29 18:42:49,996 - INFO - Request URL: 'https://management.azure.com/subscriptions/4be2ea64-b55c-47a9-b98b-46a7ace3b231/resourceGroups/MyResourceGroup/providers/Microsoft.Compute/virtualMachines/MyVM?api-version=REDACTED'
Request method: 'GET'
Request headers:
    'x-ms-client-request-id': '3a6ecd36-6660-11ef-bc3c-c31f53b20954'
    'User-Agent': 'azsdk-python-azure-mgmt-compute/33.0.0 Python/3.10.12 (Linux-6.8.0-40-generic-x86_64-with-glibc2.35)'
    'Authorization': 'REDACTED'
No body was attached to the request
2024-08-29 18:42:51,336 - INFO - Response status: 200
Response headers:
    'Cache-Control': 'no-cache'
    'Pragma': 'no-cache'
    'Content-Length': '1894'
    'Content-Type': 'application/json; charset=utf-8'
    'Expires': '-1'
    'ETag': '"2"'
    'x-ms-ratelimit-remaining-resource': 'Microsoft.Compute/LowCostGetSubscriptionMaximum;23998,Microsoft.Compute/LowCostGetResource;34'
    'Strict-Transport-Security': 'REDACTED'
    'x-ms-request-id': 'a5dea5f8-f4ea-4fb6-8352-e906448cbf7d'
    'x-ms-ratelimit-remaining-subscription-reads': '499'
    'x-ms-ratelimit-remaining-subscription-global-reads': 'REDACTED'
    'x-ms-correlation-request-id': 'REDACTED'
    'x-ms-routing-request-id': 'REDACTED'
    'X-Content-Type-Options': 'REDACTED'
    'X-Cache': 'REDACTED'
    'X-MSEdge-Ref': 'REDACTED'
    'Date': 'Thu, 29 Aug 2024 23:42:51 GMT'
2024-08-29 18:42:51,347 - INFO - VM 'MyVM' deployed successfully with size 'Standard_B1s'.
2024-08-29 18:42:51,348 - INFO - Request URL: 'https://management.azure.com/subscriptions/4be2ea64-b55c-47a9-b98b-46a7ace3b231/resourceGroups/MyResourceGroup/providers/Microsoft.Compute/virtualMachines/MyVM?api-version=REDACTED'
Request method: 'GET'
Request headers:
    'Accept': 'application/json'
    'x-ms-client-request-id': '67a43476-6660-11ef-bc3c-c31f53b20954'
    'User-Agent': 'azsdk-python-azure-mgmt-compute/33.0.0 Python/3.10.12 (Linux-6.8.0-40-generic-x86_64-with-glibc2.35)'
    'Authorization': 'REDACTED'
No body was attached to the request
2024-08-29 18:42:52,767 - INFO - Response status: 200
Response headers:
    'Cache-Control': 'no-cache'
    'Pragma': 'no-cache'
    'Content-Length': '1894'
    'Content-Type': 'application/json; charset=utf-8'
    'Expires': '-1'
    'ETag': '"2"'
    'x-ms-ratelimit-remaining-resource': 'Microsoft.Compute/LowCostGetSubscriptionMaximum;23997,Microsoft.Compute/LowCostGetResource;33'
    'Strict-Transport-Security': 'REDACTED'
    'x-ms-request-id': '147d3106-1eca-4ba1-99e5-abb9e0d95548'
    'x-ms-ratelimit-remaining-subscription-reads': '499'
    'x-ms-ratelimit-remaining-subscription-global-reads': 'REDACTED'
    'x-ms-correlation-request-id': 'REDACTED'
    'x-ms-routing-request-id': 'REDACTED'
    'X-Content-Type-Options': 'REDACTED'
    'X-Cache': 'REDACTED'
    'X-MSEdge-Ref': 'REDACTED'
    'Date': 'Thu, 29 Aug 2024 23:42:52 GMT'
2024-08-29 18:42:52,769 - INFO - VM 'MyVM' has been created successfully.
2024-08-29 18:42:52,770 - INFO - Setting up SQL database...
2024-08-29 18:42:52,770 - INFO - Generated unique SQL Server name: myserverskv3x0
2024-08-29 18:42:52,773 - INFO - ClientSecretCredential.get_token succeeded
2024-08-29 18:42:52,773 - INFO - EnvironmentCredential.get_token succeeded
2024-08-29 18:42:52,773 - INFO - DefaultAzureCredential acquired a token from EnvironmentCredential
2024-08-29 18:42:52,773 - INFO - Request URL: 'https://management.azure.com/subscriptions/4be2ea64-b55c-47a9-b98b-46a7ace3b231/resourceGroups/MyResourceGroup/providers/Microsoft.Sql/servers/myserverskv3x0?api-version=REDACTED'
Request method: 'PUT'
Request headers:
    'Content-Type': 'application/json'
    'Accept': 'application/json'
    'Content-Length': '121'
    'x-ms-client-request-id': '67a43477-6660-11ef-bc3c-c31f53b20954'
    'User-Agent': 'azsdk-python-mgmt-sql/3.0.1 Python/3.10.12 (Linux-6.8.0-40-generic-x86_64-with-glibc2.35)'
    'Authorization': 'REDACTED'
A body is sent with the request
2024-08-29 18:42:55,414 - INFO - Response status: 202
Response headers:
    'Cache-Control': 'no-cache'
    'Pragma': 'no-cache'
    'Content-Length': '74'
    'Content-Type': 'application/json; charset=utf-8'
    'Expires': '-1'
    'Location': 'REDACTED'
    'Retry-After': '1'
    'Azure-AsyncOperation': 'REDACTED'
    'x-ms-request-id': 'd7793a82-ff85-4689-b757-00f05f6238ae'
    'x-ms-ratelimit-remaining-subscription-writes': '399'
    'x-ms-ratelimit-remaining-subscription-global-writes': 'REDACTED'
    'x-ms-correlation-request-id': 'REDACTED'
    'x-ms-routing-request-id': 'REDACTED'
    'Strict-Transport-Security': 'REDACTED'
    'X-Content-Type-Options': 'REDACTED'
    'X-Cache': 'REDACTED'
    'X-MSEdge-Ref': 'REDACTED'
    'Date': 'Thu, 29 Aug 2024 23:42:54 GMT'
2024-08-29 18:42:55,415 - INFO - Request URL: 'https://management.azure.com/subscriptions/4be2ea64-b55c-47a9-b98b-46a7ace3b231/resourceGroups/MyResourceGroup/providers/Microsoft.Sql/locations/centralus/serverAzureAsyncOperation/d7793a82-ff85-4689-b757-00f05f6238ae?api-version=REDACTED&t=REDACTED&c=REDACTED&s=REDACTED&h=REDACTED'
Request method: 'GET'
Request headers:
    'x-ms-client-request-id': '67a43477-6660-11ef-bc3c-c31f53b20954'
    'User-Agent': 'azsdk-python-mgmt-sql/3.0.1 Python/3.10.12 (Linux-6.8.0-40-generic-x86_64-with-glibc2.35)'
    'Authorization': 'REDACTED'
No body was attached to the request
2024-08-29 18:42:56,628 - INFO - Response status: 200
Response headers:
    'Cache-Control': 'no-cache'
    'Pragma': 'no-cache'
    'Content-Length': '108'
    'Content-Type': 'application/json; charset=utf-8'
    'Expires': '-1'
    'Retry-After': '1'
    'x-ms-request-id': 'd2138b55-5b28-40a4-9381-efc44cd51e25'
    'x-ms-ratelimit-remaining-subscription-reads': '499'
    'x-ms-ratelimit-remaining-subscription-global-reads': 'REDACTED'
    'x-ms-correlation-request-id': 'REDACTED'
    'x-ms-routing-request-id': 'REDACTED'
    'Strict-Transport-Security': 'REDACTED'
    'X-Content-Type-Options': 'REDACTED'
    'X-Cache': 'REDACTED'
    'X-MSEdge-Ref': 'REDACTED'
    'Date': 'Thu, 29 Aug 2024 23:42:56 GMT'
2024-08-29 18:42:57,629 - INFO - Request URL: 'https://management.azure.com/subscriptions/4be2ea64-b55c-47a9-b98b-46a7ace3b231/resourceGroups/MyResourceGroup/providers/Microsoft.Sql/locations/centralus/serverAzureAsyncOperation/d7793a82-ff85-4689-b757-00f05f6238ae?api-version=REDACTED&t=REDACTED&c=REDACTED&s=REDACTED&h=REDACTED'
Request method: 'GET'
Request headers:
    'x-ms-client-request-id': '67a43477-6660-11ef-bc3c-c31f53b20954'
    'User-Agent': 'azsdk-python-mgmt-sql/3.0.1 Python/3.10.12 (Linux-6.8.0-40-generic-x86_64-with-glibc2.35)'
    'Authorization': 'REDACTED'
No body was attached to the request
2024-08-29 18:42:58,863 - INFO - Response status: 200
Response headers:
    'Cache-Control': 'no-cache'
    'Pragma': 'no-cache'
    'Content-Length': '108'
    'Content-Type': 'application/json; charset=utf-8'
    'Expires': '-1'
    'Retry-After': '1'
    'x-ms-request-id': 'e2b52cc1-93fd-4262-8aaa-4cec966a9a1c'
    'x-ms-ratelimit-remaining-subscription-reads': '499'
    'x-ms-ratelimit-remaining-subscription-global-reads': 'REDACTED'
    'x-ms-correlation-request-id': 'REDACTED'
    'x-ms-routing-request-id': 'REDACTED'
    'Strict-Transport-Security': 'REDACTED'
    'X-Content-Type-Options': 'REDACTED'
    'X-Cache': 'REDACTED'
    'X-MSEdge-Ref': 'REDACTED'
    'Date': 'Thu, 29 Aug 2024 23:42:58 GMT'
2024-08-29 18:42:59,866 - INFO - Request URL: 'https://management.azure.com/subscriptions/4be2ea64-b55c-47a9-b98b-46a7ace3b231/resourceGroups/MyResourceGroup/providers/Microsoft.Sql/locations/centralus/serverAzureAsyncOperation/d7793a82-ff85-4689-b757-00f05f6238ae?api-version=REDACTED&t=REDACTED&c=REDACTED&s=REDACTED&h=REDACTED'
Request method: 'GET'
Request headers:
    'x-ms-client-request-id': '67a43477-6660-11ef-bc3c-c31f53b20954'
    'User-Agent': 'azsdk-python-mgmt-sql/3.0.1 Python/3.10.12 (Linux-6.8.0-40-generic-x86_64-with-glibc2.35)'
    'Authorization': 'REDACTED'
No body was attached to the request
2024-08-29 18:43:00,804 - INFO - Response status: 200
Response headers:
    'Cache-Control': 'no-cache'
    'Pragma': 'no-cache'
    'Content-Length': '108'
    'Content-Type': 'application/json; charset=utf-8'
    'Expires': '-1'
    'Retry-After': '20'
    'x-ms-request-id': '36a57b68-7959-4b68-82d3-c659f63d6eb4'
    'x-ms-ratelimit-remaining-subscription-reads': '499'
    'x-ms-ratelimit-remaining-subscription-global-reads': 'REDACTED'
    'x-ms-correlation-request-id': 'REDACTED'
    'x-ms-routing-request-id': 'REDACTED'
    'Strict-Transport-Security': 'REDACTED'
    'X-Content-Type-Options': 'REDACTED'
    'X-Cache': 'REDACTED'
    'X-MSEdge-Ref': 'REDACTED'
    'Date': 'Thu, 29 Aug 2024 23:43:00 GMT'
2024-08-29 18:43:20,826 - INFO - Request URL: 'https://management.azure.com/subscriptions/4be2ea64-b55c-47a9-b98b-46a7ace3b231/resourceGroups/MyResourceGroup/providers/Microsoft.Sql/locations/centralus/serverAzureAsyncOperation/d7793a82-ff85-4689-b757-00f05f6238ae?api-version=REDACTED&t=REDACTED&c=REDACTED&s=REDACTED&h=REDACTED'
Request method: 'GET'
Request headers:
    'x-ms-client-request-id': '67a43477-6660-11ef-bc3c-c31f53b20954'
    'User-Agent': 'azsdk-python-mgmt-sql/3.0.1 Python/3.10.12 (Linux-6.8.0-40-generic-x86_64-with-glibc2.35)'
    'Authorization': 'REDACTED'
No body was attached to the request
2024-08-29 18:43:21,906 - INFO - Response status: 200
Response headers:
    'Cache-Control': 'no-cache'
    'Pragma': 'no-cache'
    'Content-Length': '108'
    'Content-Type': 'application/json; charset=utf-8'
    'Expires': '-1'
    'Retry-After': '20'
    'x-ms-request-id': 'c856cf7c-52df-4712-9a47-42da6771de52'
    'x-ms-ratelimit-remaining-subscription-reads': '499'
    'x-ms-ratelimit-remaining-subscription-global-reads': 'REDACTED'
    'x-ms-correlation-request-id': 'REDACTED'
    'x-ms-routing-request-id': 'REDACTED'
    'Strict-Transport-Security': 'REDACTED'
    'X-Content-Type-Options': 'REDACTED'
    'X-Cache': 'REDACTED'
    'X-MSEdge-Ref': 'REDACTED'
    'Date': 'Thu, 29 Aug 2024 23:43:21 GMT'
2024-08-29 18:43:41,928 - INFO - Request URL: 'https://management.azure.com/subscriptions/4be2ea64-b55c-47a9-b98b-46a7ace3b231/resourceGroups/MyResourceGroup/providers/Microsoft.Sql/locations/centralus/serverAzureAsyncOperation/d7793a82-ff85-4689-b757-00f05f6238ae?api-version=REDACTED&t=REDACTED&c=REDACTED&s=REDACTED&h=REDACTED'
Request method: 'GET'
Request headers:
    'x-ms-client-request-id': '67a43477-6660-11ef-bc3c-c31f53b20954'
    'User-Agent': 'azsdk-python-mgmt-sql/3.0.1 Python/3.10.12 (Linux-6.8.0-40-generic-x86_64-with-glibc2.35)'
    'Authorization': 'REDACTED'
No body was attached to the request
2024-08-29 18:43:42,316 - INFO - Response status: 200
Response headers:
    'Cache-Control': 'no-cache'
    'Pragma': 'no-cache'
    'Content-Length': '108'
    'Content-Type': 'application/json; charset=utf-8'
    'Expires': '-1'
    'Retry-After': '20'
    'x-ms-request-id': '2b8f4b3c-7d16-4112-8d73-2c1424c91100'
    'x-ms-ratelimit-remaining-subscription-reads': '499'
    'x-ms-ratelimit-remaining-subscription-global-reads': 'REDACTED'
    'x-ms-correlation-request-id': 'REDACTED'
    'x-ms-routing-request-id': 'REDACTED'
    'Strict-Transport-Security': 'REDACTED'
    'X-Content-Type-Options': 'REDACTED'
    'X-Cache': 'REDACTED'
    'X-MSEdge-Ref': 'REDACTED'
    'Date': 'Thu, 29 Aug 2024 23:43:41 GMT'
2024-08-29 18:44:02,338 - INFO - Request URL: 'https://management.azure.com/subscriptions/4be2ea64-b55c-47a9-b98b-46a7ace3b231/resourceGroups/MyResourceGroup/providers/Microsoft.Sql/locations/centralus/serverAzureAsyncOperation/d7793a82-ff85-4689-b757-00f05f6238ae?api-version=REDACTED&t=REDACTED&c=REDACTED&s=REDACTED&h=REDACTED'
Request method: 'GET'
Request headers:
    'x-ms-client-request-id': '67a43477-6660-11ef-bc3c-c31f53b20954'
    'User-Agent': 'azsdk-python-mgmt-sql/3.0.1 Python/3.10.12 (Linux-6.8.0-40-generic-x86_64-with-glibc2.35)'
    'Authorization': 'REDACTED'
No body was attached to the request
2024-08-29 18:44:03,038 - INFO - Response status: 200
Response headers:
    'Cache-Control': 'no-cache'
    'Pragma': 'no-cache'
    'Content-Length': '107'
    'Content-Type': 'application/json; charset=utf-8'
    'Expires': '-1'
    'Retry-After': '15'
    'x-ms-request-id': '7d6abf9e-900f-42d6-9da2-d82ca19a66ce'
    'x-ms-ratelimit-remaining-subscription-reads': '499'
    'x-ms-ratelimit-remaining-subscription-global-reads': 'REDACTED'
    'x-ms-correlation-request-id': 'REDACTED'
    'x-ms-routing-request-id': 'REDACTED'
    'Strict-Transport-Security': 'REDACTED'
    'X-Content-Type-Options': 'REDACTED'
    'X-Cache': 'REDACTED'
    'X-MSEdge-Ref': 'REDACTED'
    'Date': 'Thu, 29 Aug 2024 23:44:02 GMT'
2024-08-29 18:44:03,039 - INFO - Request URL: 'https://management.azure.com/subscriptions/4be2ea64-b55c-47a9-b98b-46a7ace3b231/resourceGroups/MyResourceGroup/providers/Microsoft.Sql/servers/myserverskv3x0?api-version=REDACTED'
Request method: 'GET'
Request headers:
    'x-ms-client-request-id': '67a43477-6660-11ef-bc3c-c31f53b20954'
    'User-Agent': 'azsdk-python-mgmt-sql/3.0.1 Python/3.10.12 (Linux-6.8.0-40-generic-x86_64-with-glibc2.35)'
    'Authorization': 'REDACTED'
No body was attached to the request
2024-08-29 18:44:03,621 - INFO - Response status: 200
Response headers:
    'Cache-Control': 'no-cache'
    'Pragma': 'no-cache'
    'Content-Length': '510'
    'Content-Type': 'application/json; charset=utf-8'
    'Expires': '-1'
    'x-ms-request-id': '3e5572dc-355f-412e-adda-446cc1bb9ade'
    'x-ms-ratelimit-remaining-subscription-reads': '499'
    'x-ms-ratelimit-remaining-subscription-global-reads': 'REDACTED'
    'x-ms-correlation-request-id': 'REDACTED'
    'x-ms-routing-request-id': 'REDACTED'
    'Strict-Transport-Security': 'REDACTED'
    'X-Content-Type-Options': 'REDACTED'
    'X-Cache': 'REDACTED'
    'X-MSEdge-Ref': 'REDACTED'
    'Date': 'Thu, 29 Aug 2024 23:44:02 GMT'
2024-08-29 18:44:03,622 - INFO - SQL Server 'myserverskv3x0' created successfully.
2024-08-29 18:44:03,623 - INFO - Request URL: 'https://management.azure.com/subscriptions/4be2ea64-b55c-47a9-b98b-46a7ace3b231/resourceGroups/MyResourceGroup/providers/Microsoft.Sql/servers/myserverskv3x0?api-version=REDACTED'
Request method: 'GET'
Request headers:
    'Accept': 'application/json'
    'x-ms-client-request-id': '92b8712c-6660-11ef-bc3c-c31f53b20954'
    'User-Agent': 'azsdk-python-mgmt-sql/3.0.1 Python/3.10.12 (Linux-6.8.0-40-generic-x86_64-with-glibc2.35)'
    'Authorization': 'REDACTED'
No body was attached to the request
2024-08-29 18:44:04,340 - INFO - Response status: 200
Response headers:
    'Cache-Control': 'no-cache'
    'Pragma': 'no-cache'
    'Content-Length': '510'
    'Content-Type': 'application/json; charset=utf-8'
    'Expires': '-1'
    'x-ms-request-id': '8b746af3-d7c7-4425-826f-f41aca0404f1'
    'x-ms-ratelimit-remaining-subscription-reads': '499'
    'x-ms-ratelimit-remaining-subscription-global-reads': 'REDACTED'
    'x-ms-correlation-request-id': 'REDACTED'
    'x-ms-routing-request-id': 'REDACTED'
    'Strict-Transport-Security': 'REDACTED'
    'X-Content-Type-Options': 'REDACTED'
    'X-Cache': 'REDACTED'
    'X-MSEdge-Ref': 'REDACTED'
    'Date': 'Thu, 29 Aug 2024 23:44:03 GMT'
2024-08-29 18:44:04,340 - INFO - SQL Server 'myserverskv3x0' has been verified successfully.
2024-08-29 18:44:04,341 - INFO - Request URL: 'https://management.azure.com/subscriptions/4be2ea64-b55c-47a9-b98b-46a7ace3b231/resourceGroups/MyResourceGroup/providers/Microsoft.Sql/servers/myserverskv3x0/databases/mydatabase?api-version=REDACTED'
Request method: 'PUT'
Request headers:
    'Content-Type': 'application/json'
    'Accept': 'application/json'
    'Content-Length': '25'
    'x-ms-client-request-id': '92b8712d-6660-11ef-bc3c-c31f53b20954'
    'User-Agent': 'azsdk-python-mgmt-sql/3.0.1 Python/3.10.12 (Linux-6.8.0-40-generic-x86_64-with-glibc2.35)'
    'Authorization': 'REDACTED'
A body is sent with the request
2024-08-29 18:44:07,260 - INFO - Response status: 202
Response headers:
    'Cache-Control': 'no-cache'
    'Pragma': 'no-cache'
    'Content-Length': '75'
    'Content-Type': 'application/json; charset=utf-8'
    'Expires': '-1'
    'Location': 'REDACTED'
    'Retry-After': '15'
    'Azure-AsyncOperation': 'REDACTED'
    'x-ms-request-id': '70172086-f96f-45d3-90b8-306701aea672'
    'x-ms-ratelimit-remaining-subscription-writes': '399'
    'x-ms-ratelimit-remaining-subscription-global-writes': 'REDACTED'
    'x-ms-correlation-request-id': 'REDACTED'
    'x-ms-routing-request-id': 'REDACTED'
    'Strict-Transport-Security': 'REDACTED'
    'X-Content-Type-Options': 'REDACTED'
    'X-Cache': 'REDACTED'
    'X-MSEdge-Ref': 'REDACTED'
    'Date': 'Thu, 29 Aug 2024 23:44:06 GMT'
2024-08-29 18:44:07,262 - INFO - Request URL: 'https://management.azure.com/subscriptions/4be2ea64-b55c-47a9-b98b-46a7ace3b231/resourceGroups/MyResourceGroup/providers/Microsoft.Sql/locations/centralus/databaseAzureAsyncOperation/70172086-f96f-45d3-90b8-306701aea672?api-version=REDACTED&t=REDACTED&c=REDACTED&s=REDACTED&h=REDACTED'
Request method: 'GET'
Request headers:
    'x-ms-client-request-id': '92b8712d-6660-11ef-bc3c-c31f53b20954'
    'User-Agent': 'azsdk-python-mgmt-sql/3.0.1 Python/3.10.12 (Linux-6.8.0-40-generic-x86_64-with-glibc2.35)'
    'Authorization': 'REDACTED'
No body was attached to the request
2024-08-29 18:44:07,969 - INFO - Response status: 200
Response headers:
    'Cache-Control': 'no-cache'
    'Pragma': 'no-cache'
    'Content-Length': '107'
    'Content-Type': 'application/json; charset=utf-8'
    'Expires': '-1'
    'Retry-After': '15'
    'x-ms-request-id': 'aa26eb53-cced-4b9d-9542-6a28ae85cf97'
    'x-ms-ratelimit-remaining-subscription-reads': '499'
    'x-ms-ratelimit-remaining-subscription-global-reads': 'REDACTED'
    'x-ms-correlation-request-id': 'REDACTED'
    'x-ms-routing-request-id': 'REDACTED'
    'Strict-Transport-Security': 'REDACTED'
    'X-Content-Type-Options': 'REDACTED'
    'X-Cache': 'REDACTED'
    'X-MSEdge-Ref': 'REDACTED'
    'Date': 'Thu, 29 Aug 2024 23:44:07 GMT'
2024-08-29 18:44:22,984 - INFO - Request URL: 'https://management.azure.com/subscriptions/4be2ea64-b55c-47a9-b98b-46a7ace3b231/resourceGroups/MyResourceGroup/providers/Microsoft.Sql/locations/centralus/databaseAzureAsyncOperation/70172086-f96f-45d3-90b8-306701aea672?api-version=REDACTED&t=REDACTED&c=REDACTED&s=REDACTED&h=REDACTED'
Request method: 'GET'
Request headers:
    'x-ms-client-request-id': '92b8712d-6660-11ef-bc3c-c31f53b20954'
    'User-Agent': 'azsdk-python-mgmt-sql/3.0.1 Python/3.10.12 (Linux-6.8.0-40-generic-x86_64-with-glibc2.35)'
    'Authorization': 'REDACTED'
No body was attached to the request
2024-08-29 18:44:23,461 - INFO - Response status: 200
Response headers:
    'Cache-Control': 'no-cache'
    'Pragma': 'no-cache'
    'Content-Length': '107'
    'Content-Type': 'application/json; charset=utf-8'
    'Expires': '-1'
    'Retry-After': '15'
    'x-ms-request-id': '903201fc-f9f1-463c-b2ed-57f70f5fd82d'
    'x-ms-ratelimit-remaining-subscription-reads': '499'
    'x-ms-ratelimit-remaining-subscription-global-reads': 'REDACTED'
    'x-ms-correlation-request-id': 'REDACTED'
    'x-ms-routing-request-id': 'REDACTED'
    'Strict-Transport-Security': 'REDACTED'
    'X-Content-Type-Options': 'REDACTED'
    'X-Cache': 'REDACTED'
    'X-MSEdge-Ref': 'REDACTED'
    'Date': 'Thu, 29 Aug 2024 23:44:22 GMT'
2024-08-29 18:44:38,476 - INFO - Request URL: 'https://management.azure.com/subscriptions/4be2ea64-b55c-47a9-b98b-46a7ace3b231/resourceGroups/MyResourceGroup/providers/Microsoft.Sql/locations/centralus/databaseAzureAsyncOperation/70172086-f96f-45d3-90b8-306701aea672?api-version=REDACTED&t=REDACTED&c=REDACTED&s=REDACTED&h=REDACTED'
Request method: 'GET'
Request headers:
    'x-ms-client-request-id': '92b8712d-6660-11ef-bc3c-c31f53b20954'
    'User-Agent': 'azsdk-python-mgmt-sql/3.0.1 Python/3.10.12 (Linux-6.8.0-40-generic-x86_64-with-glibc2.35)'
    'Authorization': 'REDACTED'
No body was attached to the request
2024-08-29 18:44:38,890 - INFO - Response status: 200
Response headers:
    'Cache-Control': 'no-cache'
    'Pragma': 'no-cache'
    'Content-Length': '107'
    'Content-Type': 'application/json; charset=utf-8'
    'Expires': '-1'
    'Retry-After': '15'
    'x-ms-request-id': '0c569862-a897-4e6e-afa6-9f93ad4f8d12'
    'x-ms-ratelimit-remaining-subscription-reads': '499'
    'x-ms-ratelimit-remaining-subscription-global-reads': 'REDACTED'
    'x-ms-correlation-request-id': 'REDACTED'
    'x-ms-routing-request-id': 'REDACTED'
    'Strict-Transport-Security': 'REDACTED'
    'X-Content-Type-Options': 'REDACTED'
    'X-Cache': 'REDACTED'
    'X-MSEdge-Ref': 'REDACTED'
    'Date': 'Thu, 29 Aug 2024 23:44:38 GMT'
2024-08-29 18:44:53,906 - INFO - Request URL: 'https://management.azure.com/subscriptions/4be2ea64-b55c-47a9-b98b-46a7ace3b231/resourceGroups/MyResourceGroup/providers/Microsoft.Sql/locations/centralus/databaseAzureAsyncOperation/70172086-f96f-45d3-90b8-306701aea672?api-version=REDACTED&t=REDACTED&c=REDACTED&s=REDACTED&h=REDACTED'
Request method: 'GET'
Request headers:
    'x-ms-client-request-id': '92b8712d-6660-11ef-bc3c-c31f53b20954'
    'User-Agent': 'azsdk-python-mgmt-sql/3.0.1 Python/3.10.12 (Linux-6.8.0-40-generic-x86_64-with-glibc2.35)'
    'Authorization': 'REDACTED'
No body was attached to the request
2024-08-29 18:44:54,315 - INFO - Response status: 200
Response headers:
    'Cache-Control': 'no-cache'
    'Pragma': 'no-cache'
    'Content-Length': '107'
    'Content-Type': 'application/json; charset=utf-8'
    'Expires': '-1'
    'Retry-After': '15'
    'x-ms-request-id': '793c2e66-62c7-4119-bf7c-73bc26ab1f10'
    'x-ms-ratelimit-remaining-subscription-reads': '499'
    'x-ms-ratelimit-remaining-subscription-global-reads': 'REDACTED'
    'x-ms-correlation-request-id': 'REDACTED'
    'x-ms-routing-request-id': 'REDACTED'
    'Strict-Transport-Security': 'REDACTED'
    'X-Content-Type-Options': 'REDACTED'
    'X-Cache': 'REDACTED'
    'X-MSEdge-Ref': 'REDACTED'
    'Date': 'Thu, 29 Aug 2024 23:44:53 GMT'
2024-08-29 18:45:09,330 - INFO - Request URL: 'https://management.azure.com/subscriptions/4be2ea64-b55c-47a9-b98b-46a7ace3b231/resourceGroups/MyResourceGroup/providers/Microsoft.Sql/locations/centralus/databaseAzureAsyncOperation/70172086-f96f-45d3-90b8-306701aea672?api-version=REDACTED&t=REDACTED&c=REDACTED&s=REDACTED&h=REDACTED'
Request method: 'GET'
Request headers:
    'x-ms-client-request-id': '92b8712d-6660-11ef-bc3c-c31f53b20954'
    'User-Agent': 'azsdk-python-mgmt-sql/3.0.1 Python/3.10.12 (Linux-6.8.0-40-generic-x86_64-with-glibc2.35)'
    'Authorization': 'REDACTED'
No body was attached to the request
2024-08-29 18:45:09,774 - INFO - Response status: 200
Response headers:
    'Cache-Control': 'no-cache'
    'Pragma': 'no-cache'
    'Content-Length': '106'
    'Content-Type': 'application/json; charset=utf-8'
    'Expires': '-1'
    'Retry-After': '15'
    'x-ms-request-id': '62ce4e48-bb4d-4c4c-8721-7623e0182e51'
    'x-ms-ratelimit-remaining-subscription-reads': '499'
    'x-ms-ratelimit-remaining-subscription-global-reads': 'REDACTED'
    'x-ms-correlation-request-id': 'REDACTED'
    'x-ms-routing-request-id': 'REDACTED'
    'Strict-Transport-Security': 'REDACTED'
    'X-Content-Type-Options': 'REDACTED'
    'X-Cache': 'REDACTED'
    'X-MSEdge-Ref': 'REDACTED'
    'Date': 'Thu, 29 Aug 2024 23:45:08 GMT'
2024-08-29 18:45:09,775 - INFO - Request URL: 'https://management.azure.com/subscriptions/4be2ea64-b55c-47a9-b98b-46a7ace3b231/resourceGroups/MyResourceGroup/providers/Microsoft.Sql/servers/myserverskv3x0/databases/mydatabase?api-version=REDACTED'
Request method: 'GET'
Request headers:
    'x-ms-client-request-id': '92b8712d-6660-11ef-bc3c-c31f53b20954'
    'User-Agent': 'azsdk-python-mgmt-sql/3.0.1 Python/3.10.12 (Linux-6.8.0-40-generic-x86_64-with-glibc2.35)'
    'Authorization': 'REDACTED'
No body was attached to the request
2024-08-29 18:45:10,351 - INFO - Response status: 200
Response headers:
    'Cache-Control': 'no-cache'
    'Pragma': 'no-cache'
    'Content-Length': '1079'
    'Content-Type': 'application/json; charset=utf-8'
    'Expires': '-1'
    'x-ms-request-id': 'dc7fc56d-b94d-496f-a459-8d0dc28fbb98'
    'x-ms-ratelimit-remaining-subscription-reads': '499'
    'x-ms-ratelimit-remaining-subscription-global-reads': 'REDACTED'
    'x-ms-correlation-request-id': 'REDACTED'
    'x-ms-routing-request-id': 'REDACTED'
    'Strict-Transport-Security': 'REDACTED'
    'X-Content-Type-Options': 'REDACTED'
    'X-Cache': 'REDACTED'
    'X-MSEdge-Ref': 'REDACTED'
    'Date': 'Thu, 29 Aug 2024 23:45:09 GMT'
2024-08-29 18:45:10,352 - INFO - SQL Database 'mydatabase' setup successfully.
2024-08-29 18:45:10,353 - INFO - Configuring storage account...
2024-08-29 18:45:10,353 - INFO - Generated unique storage account name: mystorageacct250e3h
2024-08-29 18:45:10,355 - INFO - ClientSecretCredential.get_token succeeded
2024-08-29 18:45:10,355 - INFO - EnvironmentCredential.get_token succeeded
2024-08-29 18:45:10,355 - INFO - DefaultAzureCredential acquired a token from EnvironmentCredential
2024-08-29 18:45:10,356 - INFO - Request URL: 'https://management.azure.com/subscriptions/4be2ea64-b55c-47a9-b98b-46a7ace3b231/resourceGroups/MyResourceGroup/providers/Microsoft.Storage/storageAccounts/mystorageacct250e3h?api-version=REDACTED'
Request method: 'PUT'
Request headers:
    'Content-Type': 'application/json'
    'Content-Length': '79'
    'Accept': 'application/json'
    'x-ms-client-request-id': 'ba7eed4e-6660-11ef-bc3c-c31f53b20954'
    'User-Agent': 'azsdk-python-azure-mgmt-storage/21.2.1 Python/3.10.12 (Linux-6.8.0-40-generic-x86_64-with-glibc2.35)'
    'Authorization': 'REDACTED'
A body is sent with the request
2024-08-29 18:45:16,995 - INFO - Response status: 202
Response headers:
    'Cache-Control': 'no-cache'
    'Pragma': 'no-cache'
    'Content-Type': 'text/plain; charset=utf-8'
    'Expires': '-1'
    'Location': 'REDACTED'
    'Retry-After': '17'
    'x-ms-request-id': 'c67d481f-d32f-4331-a951-272812fb9e77'
    'Strict-Transport-Security': 'REDACTED'
    'x-ms-ratelimit-remaining-subscription-writes': '399'
    'x-ms-ratelimit-remaining-subscription-global-writes': 'REDACTED'
    'x-ms-correlation-request-id': 'REDACTED'
    'x-ms-routing-request-id': 'REDACTED'
    'X-Content-Type-Options': 'REDACTED'
    'X-Cache': 'REDACTED'
    'X-MSEdge-Ref': 'REDACTED'
    'Date': 'Thu, 29 Aug 2024 23:45:16 GMT'
    'Content-Length': '0'
2024-08-29 18:45:16,997 - INFO - Request URL: 'https://management.azure.com/subscriptions/4be2ea64-b55c-47a9-b98b-46a7ace3b231/providers/Microsoft.Storage/locations/centralus/asyncoperations/c67d481f-d32f-4331-a951-272812fb9e77?monitor=REDACTED&api-version=REDACTED&t=REDACTED&c=REDACTED&s=REDACTED&h=REDACTED'
Request method: 'GET'
Request headers:
    'x-ms-client-request-id': 'ba7eed4e-6660-11ef-bc3c-c31f53b20954'
    'User-Agent': 'azsdk-python-azure-mgmt-storage/21.2.1 Python/3.10.12 (Linux-6.8.0-40-generic-x86_64-with-glibc2.35)'
    'Authorization': 'REDACTED'
No body was attached to the request
2024-08-29 18:45:18,572 - INFO - Response status: 202
Response headers:
    'Cache-Control': 'no-cache'
    'Pragma': 'no-cache'
    'Content-Type': 'text/plain; charset=utf-8'
    'Expires': '-1'
    'Location': 'REDACTED'
    'Retry-After': '17'
    'x-ms-request-id': 'e1106d35-8a1c-4bfc-9503-c62ad10dcd03'
    'Strict-Transport-Security': 'REDACTED'
    'x-ms-ratelimit-remaining-subscription-reads': '499'
    'x-ms-ratelimit-remaining-subscription-global-reads': 'REDACTED'
    'x-ms-correlation-request-id': 'REDACTED'
    'x-ms-routing-request-id': 'REDACTED'
    'X-Content-Type-Options': 'REDACTED'
    'X-Cache': 'REDACTED'
    'X-MSEdge-Ref': 'REDACTED'
    'Date': 'Thu, 29 Aug 2024 23:45:17 GMT'
    'Content-Length': '0'
2024-08-29 18:45:35,590 - INFO - Request URL: 'https://management.azure.com/subscriptions/4be2ea64-b55c-47a9-b98b-46a7ace3b231/providers/Microsoft.Storage/locations/centralus/asyncoperations/c67d481f-d32f-4331-a951-272812fb9e77?monitor=REDACTED&api-version=REDACTED&t=REDACTED&c=REDACTED&s=REDACTED&h=REDACTED'
Request method: 'GET'
Request headers:
    'x-ms-client-request-id': 'ba7eed4e-6660-11ef-bc3c-c31f53b20954'
    'User-Agent': 'azsdk-python-azure-mgmt-storage/21.2.1 Python/3.10.12 (Linux-6.8.0-40-generic-x86_64-with-glibc2.35)'
    'Authorization': 'REDACTED'
No body was attached to the request
2024-08-29 18:45:36,286 - INFO - Response status: 200
Response headers:
    'Cache-Control': 'no-cache'
    'Pragma': 'no-cache'
    'Content-Length': '1503'
    'Content-Type': 'application/json'
    'Expires': '-1'
    'x-ms-request-id': '80c9006a-aad9-4df5-9438-4bdddce56b41'
    'Strict-Transport-Security': 'REDACTED'
    'x-ms-ratelimit-remaining-subscription-reads': '499'
    'x-ms-ratelimit-remaining-subscription-global-reads': 'REDACTED'
    'x-ms-correlation-request-id': 'REDACTED'
    'x-ms-routing-request-id': 'REDACTED'
    'X-Content-Type-Options': 'REDACTED'
    'X-Cache': 'REDACTED'
    'X-MSEdge-Ref': 'REDACTED'
    'Date': 'Thu, 29 Aug 2024 23:45:35 GMT'
2024-08-29 18:45:36,287 - INFO - Storage account 'mystorageacct250e3h' configured successfully.
